New log file opened at Tue Sep 13 11:39:36 CST 2016 by 17207@hey-ThinkPad-X250
Sending msg to client activator-7aebc48d-289d-4553-a50c-3678df32fb75: DetachedLogEvent(LogMessage(debug,sbt server socket logs are in: /home/hey/work/wilddragon/.sbtserver/connections/master.log))
Sending msg to client activator-7aebc48d-289d-4553-a50c-3678df32fb75: DetachedLogEvent(LogMessage(debug,sbt general server logs are in: /home/hey/work/wilddragon/.sbtserver/master.log))
Sending msg to client activator-7aebc48d-289d-4553-a50c-3678df32fb75: DetachedLogEvent(LogMessage(debug,sbt client logs are in: /home/hey/work/wilddragon/.sbtserver/connections/activator-7aebc48d-289d-4553-a50c-3678df32fb75.log))
Reading next message from client.
Got request: ListenToEvents()
Reading next message from client.
Got request: ListenToBuildChange()
Reading next message from client.
Got request: SendSyntheticBuildChanged()
Reading next message from client.
Got request: KeyLookupRequest(discoveredMainClasses)
Reading next message from client.
Got request: KeyLookupRequest(mainClass)
Reading next message from client.
Got request: UnlistenToEvents()
Reading next message from client.
Got request: UnlistenToBuildChange()
Reading next message from client.
Client activator-7aebc48d-289d-4553-a50c-3678df32fb75 EOF, shutting down.
Stopping client.
Client activator-7aebc48d-289d-4553-a50c-3678df32fb75 thread exiting.
